<?xml version="1.0" encoding="UTF-8"?>
<!-- Generated by org.testng.reporters.JUnitReportReporter -->
<testsuite skipped="0" hostname="LAPTOP-C4QLKEEG" name="com.crm.Practice.orgTest.CreateOrganizationTest" tests="1" failures="0" timestamp="2021-12-30T15:08:57 IST" time="38.387" errors="0">
  <testcase name="createOrganizationTest" time="38.387" classname="com.crm.Practice.orgTest.CreateOrganizationTest"/>
  <system-out>
    <![CDATA[organisation created]]>
  </system-out>
</testsuite> <!-- com.crm.Practice.orgTest.CreateOrganizationTest -->
