<?xml version="1.0" encoding="UTF-8"?>
<!-- Generated by org.testng.reporters.JUnitReportReporter -->
<testsuite skipped="0" hostname="LAPTOP-C4QLKEEG" name="com.crm.Practice.createContactTest.CreateContact" tests="1" failures="0" timestamp="2021-12-30T15:26:16 IST" time="28.079" errors="0">
  <testcase name="createContact" time="28.079" classname="com.crm.Practice.createContactTest.CreateContact"/>
  <system-out>
    <![CDATA[contact created succesfully]]>
  </system-out>
</testsuite> <!-- com.crm.Practice.createContactTest.CreateContact -->
